C51 COMPILER V9.60.0.0   MAIN                                                              05/06/2023 09:05:12 PAGE 1   


C51 COMPILER V9.60.0.0, COMPILATION OF MODULE MAIN
OBJECT MODULE PLACED IN .\Objects\main.obj
COMPILER INVOKED BY: D:\keil\C51\BIN\C51.EXE mycode\main.c OPTIMIZE(8,SPEED) BROWSE DEBUG OBJECTEXTEND PRINT(.\Listings\
                    -main.lst) OBJECT(.\Objects\main.obj)

line level    source

   1          #include "user.h"
   2          
   3          void main(void)
   4          {
   5   1              CLK_Init();
   6   1              GPIO_Init();
   7   1              UartInit();
   8   1              ES = 1;
   9   1              TIM0_Init();
  10   1              TIM1_Init();
  11   1              COPMPARE_Init();
  12   1      
  13   1              
  14   1              UartSendStr("power_on\r\n");
  15   1              while(1)
  16   1              {
  17   2                      cmp_pwm_duty_adjust();          
  18   2                      //
  19   2                      screen_pwm_duty_adjust();                               
  20   2              }
  21   1      }


MODULE INFORMATION:   STATIC OVERLAYABLE
   CODE SIZE        =     37    ----
   CONSTANT SIZE    =     11    ----
   XDATA SIZE       =   ----    ----
   PDATA SIZE       =   ----    ----
   DATA SIZE        =   ----    ----
   IDATA SIZE       =   ----    ----
   BIT SIZE         =   ----    ----
END OF MODULE INFORMATION.


C51 COMPILATION COMPLETE.  0 WARNING(S),  0 ERROR(S)
