C51 COMPILER V9.60.0.0   COMPARE                                                           06/08/2022 16:04:20 PAGE 1   


C51 COMPILER V9.60.0.0, COMPILATION OF MODULE COMPARE
OBJECT MODULE PLACED IN .\Objects\compare.obj
COMPILER INVOKED BY: D:\keil\C51\BIN\C51.EXE mycode\compare.c OPTIMIZE(8,SPEED) BROWSE DEBUG OBJECTEXTEND PRINT(.\Listin
                    -gs\compare.lst) OBJECT(.\Objects\compare.obj)

line level    source

   1          #include "compare.h"
   2          
   3          
   4          
   5          
   6          
   7          


MODULE INFORMATION:   STATIC OVERLAYABLE
   CODE SIZE        =   ----    ----
   CONSTANT SIZE    =   ----    ----
   XDATA SIZE       =   ----    ----
   PDATA SIZE       =   ----    ----
   DATA SIZE        =   ----    ----
   IDATA SIZE       =   ----    ----
   BIT SIZE         =   ----    ----
END OF MODULE INFORMATION.


C51 COMPILATION COMPLETE.  0 WARNING(S),  0 ERROR(S)
